<?xml version="1.0" encoding="UTF-8"?>
<!-- Generated by org.testng.reporters.JUnitReportReporter -->
<testsuite hostname="DESKTOP-5L2K03F" failures="0" tests="1" name="Selenium2.NewTest" time="0.014" errors="0" timestamp="2023-09-14T10:41:38 BST" skipped="0">
  <testcase classname="Selenium2.NewTest" name="f1" time="0.014"/>
</testsuite> <!-- Selenium2.NewTest -->
