<?xml version="1.0" encoding="UTF-8"?>
<!-- Generated by org.testng.reporters.JUnitReportReporter -->
<testsuite hostname="DESKTOP-5L2K03F" failures="0" tests="2" name="Selenium2.NewTest1" time="0.022" errors="0" timestamp="2023-09-14T10:35:58 BST" skipped="0">
  <testcase classname="Selenium2.NewTest1" name="GitTestMethod0" time="0.014"/>
  <testcase classname="Selenium2.NewTest1" name="GitTestMethod1" time="0.008"/>
</testsuite> <!-- Selenium2.NewTest1 -->
