<?xml version="1.0" encoding="UTF-8"?>
<!-- Generated by org.testng.reporters.JUnitReportReporter -->
<testsuite hostname="DESKTOP-5L2K03F" failures="0" tests="1" name="MavenGroupId.MavenGroupId.PracticetestNG" time="0.015" errors="0" timestamp="2023-08-01T11:34:11 BST" skipped="0">
  <testcase classname="MavenGroupId.MavenGroupId.PracticetestNG" name="foo" time="0.015"/>
  <system-out/>
</testsuite> <!-- MavenGroupId.MavenGroupId.PracticetestNG -->
